<mule xmlns="http://www.mulesoft.org/schema/mule/core"
      xmlns:xsi="http://www.w3.org/2001/XMLSchema-instance"
      xmlns:ps-logging="http://www.mulesoft.org/schema/mule/ps-logging"
      xsi:schemaLocation="http://www.mulesoft.org/schema/mule/core http://www.mulesoft.org/schema/mule/core/current/mule.xsd
          http://www.mulesoft.org/schema/mule/ps-logging http://www.mulesoft.org/schema/mule/ps-logging/current/mule-ps-logging.xsd">

    <ps-logging:config name="config" configId="configId">
        <ps-logging:connection requiredParameter="aValue" />
    </ps-logging:config>

    <flow name="sayHiFlow">
        <ps-logging:say-hi person="Mariano Gonzalez"/>
    </flow>

    <flow name="retrieveInfoFlow">
        <ps-logging:retrieve-info config-ref="config"/>
    </flow>

</mule>
